make all --print-data-base --no-builtin-variables --no-builtin-rules --question
# GNU Make 3.81
# Copyright (C) 2006  Free Software Foundation, Inc.
# This is free software; see the source for copying conditions.
# There is NO warranty; not even for MERCHANTABILITY or FITNESS FOR A
# PARTICULAR PURPOSE.

# This program built for i386-apple-darwin11.3.0
 

# Make data base, printed on Sun Jan  9 17:21:16 2022

# Variables

# automatic
<D = $(patsubst %/,%,$(dir $<))
# automatic
?F = $(notdir $?)
# environment
VSCODE_LOG_NATIVE = false
# automatic
?D = $(patsubst %/,%,$(dir $?))
# automatic
@D = $(patsubst %/,%,$(dir $@))
# automatic
@F = $(notdir $@)
# makefile (from `Makefile', line 23)
LD_LIBS := raylib
# makefile
 
CURDIR := /Users/gus/Projects/gb1/gbmapper
# makefile
SHELL = /bin/sh
# environment
VSCODE_NLS_CONFIG = {"locale":"en-us","availableLanguages":{},"_languagePackSupport":true}
# environment
_ = /usr/bin/make
# makefile (from `Makefile', line 17)
INC_DIRS := lib/include/raylib
# makefile (from `Makefile', line 1)
MAKEFILE_LIST :=  Makefile
# environment
VSCODE_VERBOSE_LOGGING = true
# environment
__CFBundleIdentifier = com.microsoft.VSCode
# environment
INFOPATH = /opt/homebrew/share/info:
# environment
VSCODE_IPC_HOOK_EXTHOST = /var/folders/yc/tnfffp1536z6mcvrh2m3pybh0000gn/T/vscode-ipc-951a33e8-d05f-4d49-bceb-c157fcac7413.sock
# environment
VSCODE_CWD = /
# environment
PATH = /opt/homebrew/bin:/opt/homebrew/sbin:/usr/local/bin:/usr/bin:/bin:/usr/sbin:/sbin:/usr/local/share/dotnet:/opt/X11/bin:/opt/devkitpro/tools/bin:~/.dotnet/tools:/Library/Apple/usr/bin:/Library/Frameworks/Mono.framework/Versions/Current/Commands:/Users/gus/.cargo/bin:/Applications/love.app/Contents/MacOS/:/opt/homebrew/opt/fzf/bin
# environment
LSCOLORS = Gxfxcxdxbxegedabagacad
# default
.INCLUDE_DIRS = /usr/local/include
# environment
LaunchInstanceID = A5442D80-3A86-4985-BC01-DFE4A62CE377
# environment
VSCODE_LOG_STACK = false
# environment
ELECTRON_RUN_AS_NODE = 1
# makefile (from `Makefile', line 25)
LDFLAGS := -Llib/include/raylib -lraylib -framework Cocoa -framework IOKit -framework OpenGL -framework CoreVideo
# default
.FEATURES := target-specific order-only second-expansion else-if archives jobserver check-symlink
# environment
SSH_AUTH_SOCK = /private/tmp/com.apple.launchd.FlijOIawR4/Listeners
# automatic
%F = $(notdir $%)
# environment
DISPLAY = /private/tmp/com.apple.launchd.nUo6oGCsaC/org.xquartz:0
# environment
VSCODE_PIPE_LOGGING = true
# makefile (from `Makefile', line 13)
OBJS := ./build/./src/gb.c.o ./build/./src/main.c.o ./build/./src/tilemap.c.o
# makefile (from `Makefile', line 5)
SRC_DIRS := ./src
# environment
PWD = /Users/gus/Projects/gb1/gbmapper
# makefile (from `Makefile', line 19)
INC_FLAGS := -Ilib/include/raylib
# environment
HOMEBREW_CELLAR = /opt/homebrew/Cellar
# makefile (from `Makefile', line 24)
FRAMEWORKS := Cocoa IOKit OpenGL CoreVideo
# environment
ORIGINAL_XDG_CURRENT_DESKTOP = undefined
# environment
MANPATH = /opt/homebrew/share/man::
# environment
VSCODE_AMD_ENTRYPOINT = vs/workbench/services/extensions/node/extensionHostProcess
# environment
HOME = /Users/gus
# default
MAKEFILEPATH := /Applications/Xcode.app/Contents/Developer/Makefiles
# environment
VSCODE_CODE_CACHE_PATH = /Users/gus/Library/Application Support/Code/CachedData/899d46d82c4c95423fb7e10e68eba52050e30ba3
# environment
LOGNAME = gus
# environment
APPLICATION_INSIGHTS_NO_DIAGNOSTIC_CHANNEL = true
# environment
ZSH = /Users/gus/.oh-my-zsh
# environment
VSCODE_HANDLES_UNCAUGHT_ERRORS = true
# automatic
^D = $(patsubst %/,%,$(dir $^))
# makefile (from `Makefile', line 2)
TARGET_EXEC := gbmapper
# environment
DEVKITPRO = /opt/devkitpro
# environment
XPC_FLAGS = 0x0
# default
MAKE = $(MAKE_COMMAND)
# default
MAKECMDGOALS := all
# makefile (from `Makefile', line 9)
SRCS := ./src/gb.c ./src/main.c ./src/tilemap.c
# environment
DEVKITARM = /opt/devkitpro/devkitARM
# environment
SHLVL = 1
# makefile (from `Makefile', line 4)
BUILD_DIR := ./build
# default
MAKE_VERSION := 3.81
# environment
USER = gus
# makefile
.DEFAULT_GOAL := all
# environment
LESS = -R
# automatic
%D = $(patsubst %/,%,$(dir $%))
# default
MAKE_COMMAND := /Applications/Xcode.app/Contents/Developer/usr/bin/make
# makefile (from `Makefile', line 22)
LD_DIRS := lib/static/
# default
.VARIABLES := 
# environment
TMPDIR = /var/folders/yc/tnfffp1536z6mcvrh2m3pybh0000gn/T/
# automatic
*F = $(notdir $*)
# environment
VSCODE_IPC_HOOK = /Users/gus/Library/Application Support/Code/1.63.2-main.sock
# makefile
MAKEFLAGS = Rrqp
# environment
MFLAGS = -Rrqp
# automatic
*D = $(patsubst %/,%,$(dir $*))
# environment
XPC_SERVICE_NAME = application.com.microsoft.VSCode.17968151.17968157
# environment
HOMEBREW_PREFIX = /opt/homebrew
# automatic
+D = $(patsubst %/,%,$(dir $+))
# automatic
+F = $(notdir $+)
# environment
HOMEBREW_REPOSITORY = /opt/homebrew
# environment
__CF_USER_TEXT_ENCODING = 0x1F5:0x0:0x0
# environment
COMMAND_MODE = unix2003
# default
MAKEFILES := 
# automatic
<F = $(notdir $<)
# environment
PAGER = less
# environment
LC_ALL = C
# environment
SECURITYSESSIONID = 186ac
# automatic
^F = $(notdir $^)
# default
SUFFIXES := 
# environment
 
DEVKITPPC = /opt/devkitpro/devkitPPC
# environment
MAKELEVEL := 0
# environment
LANG = C
# environment
VSCODE_PID = 38047
# variable set hash-table stats:
# Load=88/1024=9%, Rehash=0, Collisions=13/133=10%

# Pattern-specific Variable Values

# No pattern-specific variable values.

# Directories

# . (device 16777233, inode 20508301): 8 files, no impossibilities.
# src (device 16777233, inode 20508702): 5 files, no impossibilities so far.

# 13 files, no impossibilities in 2 directories.

# Implicit Rules

build/%.c.o: %.c
#  commands to execute (from `Makefile', line 36):
	mkdir -p $(dir $@)
	$(CC) $(CPPFLAGS) $(INC_FLAGS) $(CFLAGS) -c $< -o $@
	

# 1 implicit rules, 0 (0.0%) terminal.

# Files

# Not a target:
src/gb.c:
#  Implicit rule search has been done.
#  Last modified 2022-01-09 17:18:58
#  File has been updated.
#  Successfully updated.
# variable set hash-table stats:
# Load=0/32=0%, Rehash=0, Collisions=0/0=0%

all: build/gbmapper
#  Command-line target.
#  Implicit rule search has not been done.
#  File does not exist.
#  File has been updated.
#  Needs to be updated (-q is set).
# variable set hash-table stats:
# Load=0/32=0%, Rehash=0, Collisions=0/6=0%
#  commands to execute (from `Makefile', line 28):
	$(BUILD_DIR)/$(TARGET_EXEC) ../bkg.png output.h
	

.PHONY: clean update-res
#  Implicit rule search has not been done.
#  Modification time never checked.
#  File has not been updated.

build/./src/main.c.o: src/main.c
#  Implicit rule search has been done.
#  Implicit/static pattern stem: `./src/main'
#  Last modified 2022-01-09 17:18:46
#  File has been updated.
#  Needs to be updated (-q is set).
# automatic
# @ := build/./src/main.c.o
# automatic
# % := 
# automatic
# * := ./src/main
# automatic
# + := src/main.c
# automatic
# | := 
# automatic
# < := src/main.c
# automatic
# ^ := src/main.c
# automatic
# ? := src/main.c
# variable set hash-table stats:
# Load=8/32=25%, Rehash=0, Collisions=1/17=6%
#  commands to execute (from `Makefile', line 36):
	mkdir -p $(dir $@)
	$(CC) $(CPPFLAGS) $(INC_FLAGS) $(CFLAGS) -c $< -o $@
	

# Not a target:
.SUFFIXES:
#  Implicit rule search has not been done.
#  Modification time never checked.
#  File has not been updated.

# Not a target:
Makefile:
#  Implicit rule search has been done.
#  Last modified 2022-01-09 17:21:14
#  File has been updated.
#  Successfully updated.
# variable set hash-table stats:
# Load=0/32=0%, Rehash=0, Collisions=0/0=0%

# Not a target:
src/main.c:
#  Implicit rule search has been done.
#  Last modified 2022-01-09 17:20:56
#  File has been updated.
#  Successfully updated.
# variable set hash-table stats:
# Load=0/32=0%, Rehash=0, Collisions=0/0=0%

# Not a target:
.DEFAULT:
#  Implicit rule search has not been done.
#  Modification time never checked.
#  File has not been updated.

clean:
#  Phony target (prerequisite of .PHONY).
#  Implicit rule search has not been done.
#  File does not exist.
#  File has not been updated.
#  commands to execute (from `Makefile', line 42):
	rm -r $(BUILD_DIR)
	

build/./src/gb.c.o: src/gb.c
#  Implicit rule search has been done.
#  Implicit/static pattern stem: `./src/gb'
#  Last modified 2022-01-09 17:18:59
#  File has been updated.
#  Successfully updated.
# variable set hash-table stats:
# Load=0/32=0%, Rehash=0, Collisions=0/0=0%
#  commands to execute (from `Makefile', line 36):
	mkdir -p $(dir $@)
	$(CC) $(CPPFLAGS) $(INC_FLAGS) $(CFLAGS) -c $< -o $@
	

update-res:
#  Phony target (prerequisite of .PHONY).
#  Implicit rule search has not been done.
#  File does not exist.
#  File has not been updated.
#  commands to execute (from `Makefile', line 47):
	cp -r res/ build/res/
	

# Not a target:
build/./src/tilemap.c.o:
#  Implicit rule search has not been done.
#  Modification time never checked.
#  File has not been updated.

build/gbmapper: build/./src/gb.c.o build/./src/main.c.o build/./src/tilemap.c.o
#  Implicit rule search has not been done.
#  Last modified 2022-01-09 17:18:59
#  File has been updated.
#  Needs to be updated (-q is set).
# variable set hash-table stats:
# Load=0/32=0%, Rehash=0, Collisions=0/6=0%
#  commands to execute (from `Makefile', line 32):
	$(CC) $(OBJS) -o $@ $(LDFLAGS)
	

# files hash-table stats:
# Load=13/1024=1%, Rehash=0, Collisions=0/39=0%
# VPATH Search Paths

# No `vpath' search paths.

# No general (`VPATH' variable) search path.

# # of strings in strcache: 1
# # of strcache buffers: 1
# strcache size: total = 4096 / max = 4096 / min = 4096 / avg = 4096
# strcache free: total = 4087 / max = 4087 / min = 4087 / avg = 4087

# Finished Make data base on Sun Jan  9 17:21:16 2022

 
